<?xml version="1.0" encoding="UTF-8"?>
<testng-results ignored="0" total="1" passed="1" failed="0" skipped="0">
  <reporter-output>
  </reporter-output>
  <suite started-at="2025-12-18T15:45:43 IST" name="SStackTest" finished-at="2025-12-18T15:46:05 IST" duration-ms="22362">
    <groups>
    </groups>
    <test started-at="2025-12-18T15:45:43 IST" name="Regression" finished-at="2025-12-18T15:46:05 IST" duration-ms="22362">
      <class name="testscripts.SStackTest">
        <test-method signature="setup()[pri:0, instance:testscripts.SStackTest@a9cd3b1]" started-at="2025-12-18T15:45:43 IST" name="setup" finished-at="2025-12-18T15:46:05 IST" duration-ms="22310" status="PASS">
          <reporter-output>
          </reporter-output>
        </test-method> <!-- setup -->
      </class> <!-- testscripts.SStackTest -->
    </test> <!-- Regression -->
  </suite> <!-- SStackTest -->
</testng-results>
